Performing C SOURCE FILE Test CMAKE_HAVE_LIBC_PTHREAD failed with the following output:
Change Dir: /Users/unaividalviso/workspace/airplay-receiver/app/.cxx/Debug/356g3lr4/armeabi-v7a/CMakeFiles/CMakeTmp

Run Build Command(s):/Users/unaividalviso/Library/Android/sdk/cmake/3.22.1/bin/ninja cmTC_9f8c3 && [1/2] Building C object CMakeFiles/cmTC_9f8c3.dir/src.c.o
FAILED: CMakeFiles/cmTC_9f8c3.dir/src.c.o 
/Users/unaividalviso/Library/Android/sdk/ndk/28.2.13676358/toolchains/llvm/prebuilt/darwin-x86_64/bin/clang --target=armv7-none-linux-androideabi26 --sysroot=/Users/unaividalviso/Library/Android/sdk/ndk/28.2.13676358/toolchains/llvm/prebuilt/darwin-x86_64/sysroot -DCMAKE_HAVE_LIBC_PTHREAD  -g -DANDROID -fdata-sections -ffunction-sections -funwind-tables -fstack-protector-strong -no-canonical-prefixes -D_FORTIFY_SOURCE=2 -march=armv7-a -mthumb -Wformat -Werror=format-security  -O2     -DSTANDALONE -D__STDC_CONSTANT_MACROS -D__STDC_LIMIT_MACROS     -DTARGET_POSIX -D_LINUX -fPIC -DPIC -D_REENTRANT     -D_LARGEFILE64_SOURCE -D_FILE_OFFSET_BITS=64     -DNOHOLD -DFULL_RANGE_RGB_FIX -DSUPPRESS_AVAHI_COMPAT_WARNING  -fPIE -MD -MT CMakeFiles/cmTC_9f8c3.dir/src.c.o -MF CMakeFiles/cmTC_9f8c3.dir/src.c.o.d -o CMakeFiles/cmTC_9f8c3.dir/src.c.o -c /Users/unaividalviso/workspace/airplay-receiver/app/.cxx/Debug/356g3lr4/armeabi-v7a/CMakeFiles/CMakeTmp/src.c
/Users/unaividalviso/workspace/airplay-receiver/app/.cxx/Debug/356g3lr4/armeabi-v7a/CMakeFiles/CMakeTmp/src.c:13:3: error: call to undeclared function 'pthread_cancel'; ISO C99 and later do not support implicit function declarations [-Wimplicit-function-declaration]
   13 |   pthread_cancel(thread);
      |   ^
/Users/unaividalviso/workspace/airplay-receiver/app/.cxx/Debug/356g3lr4/armeabi-v7a/CMakeFiles/CMakeTmp/src.c:13:3: note: did you mean 'pthread_once'?
/Users/unaividalviso/Library/Android/sdk/ndk/28.2.13676358/toolchains/llvm/prebuilt/darwin-x86_64/sysroot/usr/include/pthread.h:250:5: note: 'pthread_once' declared here
  250 | int pthread_once(pthread_once_t* _Nonnull __once, void (* _Nonnull __init_routine)(void));
      |     ^
1 error generated.
ninja: build stopped: subcommand failed.


Source file was:
#include <pthread.h>

static void* test_func(void* data)
{
  return data;
}

int main(void)
{
  pthread_t thread;
  pthread_create(&thread, NULL, test_func, NULL);
  pthread_detach(thread);
  pthread_cancel(thread);
  pthread_join(thread, NULL);
  pthread_atfork(NULL, NULL, NULL);
  pthread_exit(NULL);

  return 0;
}

Determining if the function pthread_create exists in the pthreads failed with the following output:
Change Dir: /Users/unaividalviso/workspace/airplay-receiver/app/.cxx/Debug/356g3lr4/armeabi-v7a/CMakeFiles/CMakeTmp

Run Build Command(s):/Users/unaividalviso/Library/Android/sdk/cmake/3.22.1/bin/ninja cmTC_2fdde && [1/2] Building C object CMakeFiles/cmTC_2fdde.dir/CheckFunctionExists.c.o
[2/2] Linking C executable cmTC_2fdde
FAILED: cmTC_2fdde 
: && /Users/unaividalviso/Library/Android/sdk/ndk/28.2.13676358/toolchains/llvm/prebuilt/darwin-x86_64/bin/clang --target=armv7-none-linux-androideabi26 --sysroot=/Users/unaividalviso/Library/Android/sdk/ndk/28.2.13676358/toolchains/llvm/prebuilt/darwin-x86_64/sysroot -g -DANDROID -fdata-sections -ffunction-sections -funwind-tables -fstack-protector-strong -no-canonical-prefixes -D_FORTIFY_SOURCE=2 -march=armv7-a -mthumb -Wformat -Werror=format-security  -O2     -DSTANDALONE -D__STDC_CONSTANT_MACROS -D__STDC_LIMIT_MACROS     -DTARGET_POSIX -D_LINUX -fPIC -DPIC -D_REENTRANT     -D_LARGEFILE64_SOURCE -D_FILE_OFFSET_BITS=64     -DNOHOLD -DFULL_RANGE_RGB_FIX -DSUPPRESS_AVAHI_COMPAT_WARNING -DCHECK_FUNCTION_EXISTS=pthread_create -static-libstdc++ -Wl,--build-id=sha1 -Wl,--no-rosegment -Wl,--no-undefined-version -Wl,--fatal-warnings -Wl,--no-undefined -Qunused-arguments CMakeFiles/cmTC_2fdde.dir/CheckFunctionExists.c.o -o cmTC_2fdde  -lpthreads  -latomic -lm && :
ld.lld: error: unable to find library -lpthreads
clang: error: linker command failed with exit code 1 (use -v to see invocation)
ninja: build stopped: subcommand failed.



Determining if the function pthread_create exists in the pthread failed with the following output:
Change Dir: /Users/unaividalviso/workspace/airplay-receiver/app/.cxx/Debug/356g3lr4/armeabi-v7a/CMakeFiles/CMakeTmp

Run Build Command(s):/Users/unaividalviso/Library/Android/sdk/cmake/3.22.1/bin/ninja cmTC_6f562 && [1/2] Building C object CMakeFiles/cmTC_6f562.dir/CheckFunctionExists.c.o
[2/2] Linking C executable cmTC_6f562
FAILED: cmTC_6f562 
: && /Users/unaividalviso/Library/Android/sdk/ndk/28.2.13676358/toolchains/llvm/prebuilt/darwin-x86_64/bin/clang --target=armv7-none-linux-androideabi26 --sysroot=/Users/unaividalviso/Library/Android/sdk/ndk/28.2.13676358/toolchains/llvm/prebuilt/darwin-x86_64/sysroot -g -DANDROID -fdata-sections -ffunction-sections -funwind-tables -fstack-protector-strong -no-canonical-prefixes -D_FORTIFY_SOURCE=2 -march=armv7-a -mthumb -Wformat -Werror=format-security  -O2     -DSTANDALONE -D__STDC_CONSTANT_MACROS -D__STDC_LIMIT_MACROS     -DTARGET_POSIX -D_LINUX -fPIC -DPIC -D_REENTRANT     -D_LARGEFILE64_SOURCE -D_FILE_OFFSET_BITS=64     -DNOHOLD -DFULL_RANGE_RGB_FIX -DSUPPRESS_AVAHI_COMPAT_WARNING -DCHECK_FUNCTION_EXISTS=pthread_create -static-libstdc++ -Wl,--build-id=sha1 -Wl,--no-rosegment -Wl,--no-undefined-version -Wl,--fatal-warnings -Wl,--no-undefined -Qunused-arguments CMakeFiles/cmTC_6f562.dir/CheckFunctionExists.c.o -o cmTC_6f562  -lpthread  -latomic -lm && :
ld.lld: error: unable to find library -lpthread
clang: error: linker command failed with exit code 1 (use -v to see invocation)
ninja: build stopped: subcommand failed.



